Unity Editor version:    2022.3.7f1 (b16b3b16c7a0)
Branch:                  2022.3/staging
Build type:              Release
Batch mode:              YES
macOS version:           Version 13.4.1 (c) (Build 22F770820d)
Darwin version:          22.5.0
Architecture:            arm64
Running under Rosetta:   NO
Available memory:        8192 MB
Using pre-set license
Pro License: YES

COMMAND LINE ARGUMENTS:
/Applications/Unity/Hub/Editor/2022.3.7f1/Unity.app/Contents/MacOS/Unity
-adb2
-batchMode
-noUpm
-name
AssetImportWorker1
-projectPath
/Users/apeksharajput/Downloads/AR game/smoke bomb
-logFile
Logs/AssetImportWorker1.log
-srvPort
65447
Successfully changed project path to: /Users/apeksharajput/Downloads/AR game/smoke bomb
/Users/apeksharajput/Downloads/AR game/smoke bomb
[UnityMemory] Configuration Parameters - Can be set up in boot.config
    "memorysetup-bucket-allocator-granularity=16"
    "memorysetup-bucket-allocator-bucket-count=8"
    "memorysetup-bucket-allocator-block-size=33554432"
    "memorysetup-bucket-allocator-block-count=8"
    "memorysetup-main-allocator-block-size=16777216"
    "memorysetup-thread-allocator-block-size=16777216"
    "memorysetup-gfx-main-allocator-block-size=16777216"
    "memorysetup-gfx-thread-allocator-block-size=16777216"
    "memorysetup-cache-allocator-block-size=4194304"
    "memorysetup-typetree-allocator-block-size=2097152"
    "memorysetup-profiler-bucket-allocator-granularity=16"
    "memorysetup-profiler-bucket-allocator-bucket-count=8"
    "memorysetup-profiler-bucket-allocator-block-size=33554432"
    "memorysetup-profiler-bucket-allocator-block-count=8"
    "memorysetup-profiler-allocator-block-size=16777216"
    "memorysetup-profiler-editor-allocator-block-size=1048576"
    "memorysetup-temp-allocator-size-main=16777216"
    "memorysetup-job-temp-allocator-block-size=2097152"
    "memorysetup-job-temp-allocator-block-size-background=1048576"
    "memorysetup-job-temp-allocator-reduction-small-platforms=262144"
    "memorysetup-allocator-temp-initial-block-size-main=262144"
    "memorysetup-allocator-temp-initial-block-size-worker=262144"
    "memorysetup-temp-allocator-size-background-worker=32768"
    "memorysetup-temp-allocator-size-job-worker=262144"
    "memorysetup-temp-allocator-size-preload-manager=33554432"
    "memorysetup-temp-allocator-size-nav-mesh-worker=65536"
    "memorysetup-temp-allocator-size-audio-worker=65536"
    "memorysetup-temp-allocator-size-cloud-worker=32768"
    "memorysetup-temp-allocator-size-gi-baking-worker=262144"
    "memorysetup-temp-allocator-size-gfx=262144"
Player connection [8584044032] Host "[IP] 172.16.79.20 [Port] 0 [Flags] 2 [Guid] 2278633864 [EditorId] 2278633864 [Version] 1048832 [Id] OSXEditor(0,Apekshas-MacBook-Air.local) [Debug] 1 [PackageName] OSXEditor [ProjectName] Editor" joined multi-casting on [225.0.0.222:54997]...

Player connection [8584044032] Host "[IP] 172.16.79.20 [Port] 0 [Flags] 2 [Guid] 2278633864 [EditorId] 2278633864 [Version] 1048832 [Id] OSXEditor(0,Apekshas-MacBook-Air.local) [Debug] 1 [PackageName] OSXEditor [ProjectName] Editor" joined alternative multi-casting on [225.0.0.222:34997]...

Refreshing native plugins compatible for Editor in 28.41 ms, found 11 plugins.
Preloading 0 native plugins for Editor in 0.00 ms.
Initialize engine version: 2022.3.7f1 (b16b3b16c7a0)
[Subsystems] Discovering subsystems at path /Applications/Unity/Hub/Editor/2022.3.7f1/Unity.app/Contents/Resources/UnitySubsystems
[Subsystems] Discovering subsystems at path /Users/apeksharajput/Downloads/AR game/smoke bomb/Assets
GfxDevice: creating device client; threaded=0; jobified=0
 preferred device: Apple M1 (high power)
Metal devices available: 1
0: Apple M1 (high power)
Using device Apple M1 (high power)
Initializing Metal device caps: Apple M1
Initialize mono
Mono path[0] = '/Applications/Unity/Hub/Editor/2022.3.7f1/Unity.app/Contents/Managed'
Mono path[1] = '/Applications/Unity/Hub/Editor/2022.3.7f1/Unity.app/Contents/MonoBleedingEdge/lib/mono/unityjit-macos'
Mono config path = '/Applications/Unity/Hub/Editor/2022.3.7f1/Unity.app/Contents/MonoBleedingEdge/etc'
Using monoOptions --debugger-agent=transport=dt_socket,embedding=1,server=y,suspend=n,address=127.0.0.1:56033
Begin MonoManager ReloadAssembly
Registering precompiled unity dll's ...
Register platform support module: /Applications/Unity/Hub/Editor/2022.3.7f1/PlaybackEngines/WebGLSupport/UnityEditor.WebGL.Extensions.dll
Register platform support module: /Applications/Unity/Hub/Editor/2022.3.7f1/Unity.app/Contents/PlaybackEngines/MacStandaloneSupport/UnityEditor.OSXStandalone.Extensions.dll
Register platform support module: /Applications/Unity/Hub/Editor/2022.3.7f1/PlaybackEngines/AndroidPlayer/UnityEditor.Android.Extensions.dll
Register platform support module: /Applications/Unity/Hub/Editor/2022.3.7f1/PlaybackEngines/iOSSupport/UnityEditor.iOS.Extensions.dll
Registered in 0.010399 seconds.
- Loaded All Assemblies, in  0.354 seconds
[usbmuxd] Start listen thread
[usbmuxd] Listen thread started
[usbmuxd] Send listen message
Native extension for iOS target not found
Native extension for Android target not found
Android Extension - Scanning For ADB Devices 96 ms
Native extension for OSXStandalone target not found
Native extension for WebGL target not found
Mono: successfully reloaded assembly
- Finished resetting the current domain, in  0.475 seconds
Domain Reload Profiling: 829ms
	BeginReloadAssembly (103ms)
		ExecutionOrderSort (0ms)
		DisableScriptedObjects (0ms)
		BackupInstance (0ms)
		ReleaseScriptingObjects (0ms)
		CreateAndSetChildDomain (1ms)
	RebuildCommonClasses (35ms)
	RebuildNativeTypeToScriptingClass (12ms)
	initialDomainReloadingComplete (52ms)
	LoadAllAssembliesAndSetupDomain (150ms)
		LoadAssemblies (104ms)
		RebuildTransferFunctionScriptingTraits (0ms)
		AnalyzeDomain (147ms)
			TypeCache.Refresh (146ms)
				TypeCache.ScanAssembly (132ms)
			ScanForSourceGeneratedMonoScriptInfo (0ms)
			ResolveRequiredComponents (0ms)
	FinalizeReload (475ms)
		ReleaseScriptCaches (0ms)
		RebuildScriptCaches (0ms)
		SetupLoadedEditorAssemblies (423ms)
			LogAssemblyErrors (0ms)
			InitializePlatformSupportModulesInManaged (310ms)
			SetLoadedEditorAssemblies (3ms)
			RefreshPlugins (0ms)
			BeforeProcessingInitializeOnLoad (2ms)
			ProcessInitializeOnLoadAttributes (71ms)
			ProcessInitializeOnLoadMethodAttributes (37ms)
			AfterProcessingInitializeOnLoad (0ms)
			EditorAssembliesLoaded (0ms)
		ExecutionOrderSort2 (0ms)
		AwakeInstancesAfterBackupRestoration (0ms)
========================================================================
Worker process is ready to serve import requests
Begin MonoManager ReloadAssembly
Symbol file LoadedFromMemory doesn't match image /Users/apeksharajput/Downloads/AR game/smoke bomb/Library/PackageCache/com.unity.visualscripting@1.8.0/Editor/VisualScripting.Core/Dependencies/YamlDotNet/Unity.VisualScripting.YamlDotNet.dll
Symbol file LoadedFromMemory doesn't match image /Users/apeksharajput/Downloads/AR game/smoke bomb/Library/PackageCache/com.unity.visualscripting@1.8.0/Editor/VisualScripting.Core/Dependencies/DotNetZip/Unity.VisualScripting.IonicZip.dll
- Loaded All Assemblies, in  0.649 seconds
Refreshing native plugins compatible for Editor in 7.80 ms, found 11 plugins.
Native extension for iOS target not found
Native extension for Android target not found
Native extension for OSXStandalone target not found
Native extension for WebGL target not found
Package Manager log level set to [2]
[Package Manager] Server::EnsureServerProcessIsRunning -- launch failed, reason: Unity was launched with the -noUpm command-line argument
[Package Manager] UpmClient::Send -- Unable to send message (not connected to UPM process).
[Package Manager] Cannot connect to Unity Package Manager local server
Mono: successfully reloaded assembly
[Package Manager] Server::EnsureServerProcessIsRunning -- launch failed, reason: Unity was launched with the -noUpm command-line argument
[Package Manager] UpmClient::Send -- Unable to send message (not connected to UPM process).
[Package Manager] Cannot connect to Unity Package Manager local server
[Package Manager] Server::EnsureServerProcessIsRunning -- launch failed, reason: Unity was launched with the -noUpm command-line argument
[Package Manager] UpmClient::Send -- Unable to send message (not connected to UPM process).
[Package Manager] Cannot connect to Unity Package Manager local server
- Finished resetting the current domain, in  0.852 seconds
Domain Reload Profiling: 1501ms
	BeginReloadAssembly (111ms)
		ExecutionOrderSort (0ms)
		DisableScriptedObjects (4ms)
		BackupInstance (0ms)
		ReleaseScriptingObjects (0ms)
		CreateAndSetChildDomain (28ms)
	RebuildCommonClasses (34ms)
	RebuildNativeTypeToScriptingClass (12ms)
	initialDomainReloadingComplete (33ms)
	LoadAllAssembliesAndSetupDomain (457ms)
		LoadAssemblies (267ms)
		RebuildTransferFunctionScriptingTraits (0ms)
		AnalyzeDomain (237ms)
			TypeCache.Refresh (213ms)
				TypeCache.ScanAssembly (179ms)
			ScanForSourceGeneratedMonoScriptInfo (17ms)
			ResolveRequiredComponents (6ms)
	FinalizeReload (852ms)
		ReleaseScriptCaches (0ms)
		RebuildScriptCaches (0ms)
		SetupLoadedEditorAssemblies (655ms)
			LogAssemblyErrors (0ms)
			InitializePlatformSupportModulesInManaged (32ms)
			SetLoadedEditorAssemblies (3ms)
			RefreshPlugins (0ms)
			BeforeProcessingInitializeOnLoad (64ms)
			ProcessInitializeOnLoadAttributes (283ms)
			ProcessInitializeOnLoadMethodAttributes (271ms)
			AfterProcessingInitializeOnLoad (2ms)
			EditorAssembliesLoaded (0ms)
		ExecutionOrderSort2 (0ms)
		AwakeInstancesAfterBackupRestoration (3ms)
Launching external process: /Applications/Unity/Hub/Editor/2022.3.7f1/Unity.app/Contents/Tools/UnityShaderCompiler
Launched and connected shader compiler UnityShaderCompiler after 0.10 seconds
Refreshing native plugins compatible for Editor in 6.79 ms, found 11 plugins.
Preloading 0 native plugins for Editor in 0.00 ms.
Unloading 5070 Unused Serialized files (Serialized files now loaded: 0)
Unloading 196 unused Assets / (1.5 MB). Loaded Objects now: 5427.
Memory consumption went from 197.0 MB to 195.5 MB.
Total: 4.827666 ms (FindLiveObjects: 0.224208 ms CreateObjectMapping: 0.096500 ms MarkObjects: 3.747750 ms  DeleteObjects: 0.758542 ms)

AssetImportParameters requested are different than current active one (requested -> active):
  custom:container-demuxer-ogg: 62fdf1f143b41e24485cea50d1cbac27 -> 
  custom:video-decoder-ogg-theora: a1e56fd34408186e4bbccfd4996cb3dc -> 
  custom:CustomObjectIndexerAttribute: 756ad292c208cfabdd7b50bc23989ffe -> 
  custom:container-demuxer-webm: 4f35f7cbe854078d1ac9338744f61a02 -> 
  custom:container-muxer-webm: aa71ff27fc2769a1b78a27578f13a17b -> 
  custom:video-decoder-webm-vp8: 9c59270c3fd7afecdb556c50c9e8de78 -> 
  custom:SearchIndexIgnoredProperties: e643bd26f0fe6173181afceb89e7c659 -> 
  custom:AudioImporter_EditorPlatform: 3918e3fc78b5a79bad01e8451be0beb8 -> 
  custom:framework-osx-AVFoundation: e770b220cccbd017edd2c1fefb359320 -> 
  custom:video-encoder-webm-vp8: eb34c28f22e8b96e1ab97ce403110664 -> 
  custom:audio-decoder-ogg-vorbis: bf7c407c2cedff20999df2af8eb42d56 -> 
  custom:audio-encoder-webm-vorbis: bf7c407c2cedff20999df2af8eb42d56 -> 
========================================================================
Received Import Request.
  Time since last request: 418512.980620 seconds.
  path: Assets/SyntyStudios/PolygonKnights/Models/SM_Bld_Rockwall_Straight_01.fbx
  artifactKey: Guid(e368d834a9e474e449c6a141deaa937b) Importer(815301076,1909f56bfc062723c751e8b465ee728b)
Start importing Assets/SyntyStudios/PolygonKnights/Models/SM_Bld_Rockwall_Straight_01.fbx using Guid(e368d834a9e474e449c6a141deaa937b) Importer(815301076,1909f56bfc062723c751e8b465ee728b)  -> (artifact id: 'd684d31f62acb55bc5ac0f653b609af0') in 0.158015 seconds
Number of updated asset objects reloaded before import = 0
Number of asset objects unloaded after import = 7
========================================================================
Received Import Request.
  Time since last request: 0.001597 seconds.
  path: Assets/SyntyStudios/PolygonCity/Models/Collisions/SM_Prop_LightPole_Box_01_Convex.asset
  artifactKey: Guid(f743e9324838ad649b44f26731b30c91) Importer(815301076,1909f56bfc062723c751e8b465ee728b)
Start importing Assets/SyntyStudios/PolygonCity/Models/Collisions/SM_Prop_LightPole_Box_01_Convex.asset using Guid(f743e9324838ad649b44f26731b30c91) Importer(815301076,1909f56bfc062723c751e8b465ee728b)  -> (artifact id: '248844854c72f7ca8c9e890f81946996') in 0.006504 seconds
Number of updated asset objects reloaded before import = 0
Number of asset objects unloaded after import = 3
========================================================================
Received Import Request.
  Time since last request: 0.001259 seconds.
  path: Assets/SyntyStudios/PolygonAdventure/Prefabs/Environments/SM_Env_Tree_06_Snow.prefab
  artifactKey: Guid(2023e1036cda08b48b0ddec79f623b1d) Importer(815301076,1909f56bfc062723c751e8b465ee728b)
Start importing Assets/SyntyStudios/PolygonAdventure/Prefabs/Environments/SM_Env_Tree_06_Snow.prefab using Guid(2023e1036cda08b48b0ddec79f623b1d) Importer(815301076,1909f56bfc062723c751e8b465ee728b)  -> (artifact id: 'f7c435dd2b98edc3c3c5d66761f335ba') in 0.006774 seconds
Number of updated asset objects reloaded before import = 0
Number of asset objects unloaded after import = 13
========================================================================
Received Import Request.
  Time since last request: 0.001465 seconds.
  path: Assets/SyntyStudios/PolygonCity/Prefabs/Environments/SM_Env_Road_Lines_01.prefab
  artifactKey: Guid(69af78e726c8b9842bb53e9d215270fa) Importer(815301076,1909f56bfc062723c751e8b465ee728b)
Start importing Assets/SyntyStudios/PolygonCity/Prefabs/Environments/SM_Env_Road_Lines_01.prefab using Guid(69af78e726c8b9842bb53e9d215270fa) Importer(815301076,1909f56bfc062723c751e8b465ee728b)  -> (artifact id: '3aaee584add751312bfd3506665b9f8f') in 0.067150 seconds
Number of updated asset objects reloaded before import = 0
Number of asset objects unloaded after import = 11
========================================================================
Received Import Request.
  Time since last request: 0.001294 seconds.
  path: Assets/SyntyStudios/PolygonCity/Models/Collisions/SM_Veh_Car_Police_01_Convex 3.asset
  artifactKey: Guid(977487ddc41eaed489da8736799e6385) Importer(815301076,1909f56bfc062723c751e8b465ee728b)
Start importing Assets/SyntyStudios/PolygonCity/Models/Collisions/SM_Veh_Car_Police_01_Convex 3.asset using Guid(977487ddc41eaed489da8736799e6385) Importer(815301076,1909f56bfc062723c751e8b465ee728b)  -> (artifact id: 'c38840a066fb7b70575fad52089e5d9b') in 0.011918 seconds
Number of updated asset objects reloaded before import = 0
Number of asset objects unloaded after import = 5
========================================================================
Received Import Request.
  Time since last request: 0.001242 seconds.
  path: Assets/SyntyStudios/PolygonStarter/PolygonPrototype/Prefabs/_NewAssets/SM_Prop_TableTennis_Paddle_01.prefab
  artifactKey: Guid(e79c21f05549879408bbee580e3f5b27) Importer(815301076,1909f56bfc062723c751e8b465ee728b)
Start importing Assets/SyntyStudios/PolygonStarter/PolygonPrototype/Prefabs/_NewAssets/SM_Prop_TableTennis_Paddle_01.prefab using Guid(e79c21f05549879408bbee580e3f5b27) Importer(815301076,1909f56bfc062723c751e8b465ee728b)  -> (artifact id: '739ea6fee29df67e843fb4da8257540d') in 0.008790 seconds
Number of updated asset objects reloaded before import = 0
Number of asset objects unloaded after import = 9
========================================================================
Received Import Request.
  Time since last request: 0.003709 seconds.
  path: Assets/SyntyStudios/PolygonKnights/Prefabs/Environments/SM_Env_RockPile_02.prefab
  artifactKey: Guid(14f268b815b67ef44b43dfd0d81145d5) Importer(815301076,1909f56bfc062723c751e8b465ee728b)
Start importing Assets/SyntyStudios/PolygonKnights/Prefabs/Environments/SM_Env_RockPile_02.prefab using Guid(14f268b815b67ef44b43dfd0d81145d5) Importer(815301076,1909f56bfc062723c751e8b465ee728b)  -> (artifact id: 'cce07b303fe610ff572d25f6f4f46ffd') in 0.006106 seconds
Number of updated asset objects reloaded before import = 0
Number of asset objects unloaded after import = 10
========================================================================
Received Import Request.
  Time since last request: 0.001285 seconds.
  path: Assets/SyntyStudios/PolygonStarter/PolygonPrototype/Prefabs/Primitives/SM_Primitive_Cylander_Wedge_01.prefab
  artifactKey: Guid(ded5653a60f53e6418751ec5947f7f84) Importer(815301076,1909f56bfc062723c751e8b465ee728b)
Start importing Assets/SyntyStudios/PolygonStarter/PolygonPrototype/Prefabs/Primitives/SM_Primitive_Cylander_Wedge_01.prefab using Guid(ded5653a60f53e6418751ec5947f7f84) Importer(815301076,1909f56bfc062723c751e8b465ee728b)  -> (artifact id: 'dc52f77ccad8dbced9286791c1b1cad0') in 0.006755 seconds
Number of updated asset objects reloaded before import = 0
Number of asset objects unloaded after import = 10
========================================================================
Received Import Request.
  Time since last request: 0.001200 seconds.
  path: Assets/SyntyStudios/PolygonAdventure/Models/Collision/SM_Env_Mushroom_01_Convex 1.asset
  artifactKey: Guid(f2440bbf579c91343936dc068ddc18ea) Importer(815301076,1909f56bfc062723c751e8b465ee728b)
Start importing Assets/SyntyStudios/PolygonAdventure/Models/Collision/SM_Env_Mushroom_01_Convex 1.asset using Guid(f2440bbf579c91343936dc068ddc18ea) Importer(815301076,1909f56bfc062723c751e8b465ee728b)  -> (artifact id: '278f2b8c33b14cc1489e67ad11b94123') in 0.004848 seconds
Number of updated asset objects reloaded before import = 0
Number of asset objects unloaded after import = 3
========================================================================
Received Import Request.
  Time since last request: 0.001258 seconds.
  path: Assets/SyntyStudios/PolygonAdventure/Models/SM_Prop_Cart_03.fbx
  artifactKey: Guid(03ba44a1123c3b047ba6052429eceda3) Importer(815301076,1909f56bfc062723c751e8b465ee728b)
Start importing Assets/SyntyStudios/PolygonAdventure/Models/SM_Prop_Cart_03.fbx using Guid(03ba44a1123c3b047ba6052429eceda3) Importer(815301076,1909f56bfc062723c751e8b465ee728b)  -> (artifact id: '7b7963ef68ae3b4e14e1e570d474d9b7') in 0.009986 seconds
Number of updated asset objects reloaded before import = 0
Number of asset objects unloaded after import = 7
========================================================================
Received Import Request.
  Time since last request: 0.001329 seconds.
  path: Assets/Piloto Studio/Materials/PackedNoises_Generic.mat
  artifactKey: Guid(16dcdc9703ebb4c2d90aa5f2a8d351bb) Importer(815301076,1909f56bfc062723c751e8b465ee728b)
Start importing Assets/Piloto Studio/Materials/PackedNoises_Generic.mat using Guid(16dcdc9703ebb4c2d90aa5f2a8d351bb) Importer(815301076,1909f56bfc062723c751e8b465ee728b)  -> (artifact id: '65541db8506a8971da71864a82f0d7f9') in 0.172538 seconds
Number of updated asset objects reloaded before import = 0
Number of asset objects unloaded after import = 2
